/home/ivanych/.swat/.cache/26262/prove/_tc/areas/simple/META/request.t .......... 
# @META
# [33m	 –°–ø—Ä–∞–≤–æ—á–Ω–∏–∫ —Ä–µ–≥–∏–æ–Ω–æ–≤[0m
# [33m	 [0m
# [33m	 –ü—Ä–æ–≤–µ—Ä–∫–∏:[0m
# [33m	 - –í—ã–∑–æ–≤ get /regions –≤–æ–∑–≤—Ä–∞—â–∞–µ—Ç "200 OK"[0m
# [33m	 - –í —Ç–µ–ª–µ –æ—Ç–≤–µ—Ç–∞ –≤–æ–∑–≤—Ä–∞—â–∞–µ—Ç—Å—è –≤–∞–ª–∏–¥–Ω—ã–π JSON[0m
# [33m	 - –°—Ç—Ä–∞–Ω–∞ —Å –∏–¥–µ–Ω—Ç–∏—Ñ–∏–∫–∞—Ç–æ—Ä–æ–º 113 –Ω–∞–∑—ã–≤–∞–µ—Ç—Å—è "–†–æ—Å—Å–∏—è"[0m
# [33m	 - –†–µ–≥–∏–æ–Ω –†–æ—Å—Å–∏–∏ —Å –∏–¥–µ–Ω—Ç–∏—Ñ–∏–∫–∞—Ç–æ—Ä–æ–º 2 –Ω–∞–∑—ã–≤–∞–µ—Ç—Å—è "–°–∞–Ω–∫—Ç-–ü–µ—Ç–µ—Ä–±—É—Ä–≥"[0m
# GET /areas
ok 1 - [32m200[0m / 1 of 2 [36mcurl -X GET -k --connect-timeout 20 -m 20 -L -D - 'https://api.hh.ru/areas'[0m
# –û—Ç–≤–µ—Ç —Å–æ–¥–µ—Ä–∂–∏—Ç –∑–Ω–∞—á–µ–Ω–∏–µ: c—Ç—Ä–∞–Ω–∞.name = "–†–æ—Å—Å–∏—è"
# –û—Ç–≤–µ—Ç —Å–æ–¥–µ—Ä–∂–∏—Ç –∑–Ω–∞—á–µ–Ω–∏–µ: —Å—Ç—Ä–∞–Ω–∞.areas.name = "–°–∞–Ω–∫—Ç-–ü–µ—Ç–µ—Ä–±—É—Ä–≥"
ok 2 - text has '200 OK'
ok 3 - text has 'valid json'
ok 4 - text has '—Å—Ç—Ä–∞–Ω–∞[id=113].name=–†–æ—Å—Å–∏—è'
ok 5 - text has '—Å—Ç—Ä–∞–Ω–∞[id=113].areas[id=2].name=–°–∞–Ω–∫—Ç-–ü–µ—Ç–µ—Ä–±—É—Ä–≥'
1..5
ok
/home/ivanych/.swat/.cache/26262/prove/_tc/employers/nct_ru/META/request.t ...... 
# @META
# [33m	 –ü–æ–∏—Å–∫ —Ä–∞–±–æ—Ç–æ–¥–∞—Ç–µ–ª—è "–ù–æ–≤—ã–µ –û–±–ª–∞—á–Ω—ã–µ –¢–µ—Ö–Ω–æ–ª–æ–≥–∏–∏", –≤ —Å—Ç—Ä–∞–Ω–µ "–†–æ—Å—Å–∏—è"[0m
# [33m	 [0m
# [33m	 –ü—Ä–µ–¥–∑–∞–ø—Ä–æ—Å—ã:[0m
# [33m	 - –ù–∞–π—Ç–∏ –∏–¥–µ–Ω—Ç–∏—Ñ–∏–∫–∞—Ç–æ—Ä —Å—Ç—Ä–∞–Ω—ã "–†–æ—Å—Å–∏—è" –≤ —Å–ø—Ä–∞–≤–æ—á–Ω–∏–∫–µ —Ä–µ–≥–∏–æ–Ω–æ–≤[0m
# [33m	 [0m
# [33m	 –ü—Ä–æ–≤–µ—Ä–∫–∏:[0m
# [33m	 - –í—ã–∑–æ–≤ get /employers –≤–æ–∑–≤—Ä–∞—â–∞–µ—Ç "200 OK"[0m
# [33m	 - –í —Ç–µ–ª–µ –æ—Ç–≤–µ—Ç–∞ –≤–æ–∑–≤—Ä–∞—â–∞–µ—Ç—Å—è –≤–∞–ª–∏–¥–Ω—ã–π JSON[0m
# [33m	 - –ü–æ–∏—Å–∫ –Ω–∞—Ö–æ–¥–∏—Ç —Ä–∞–±–æ—Ç–æ–¥–∞—Ç–µ–ª—è —Å –Ω–∞–∑–≤–∞–Ω–∏–µ–º "–ù–æ–≤—ã–µ –û–±–ª–∞—á–Ω—ã–µ –¢–µ—Ö–Ω–æ–ª–æ–≥–∏–∏", –≤ —Å—Ç—Ä–∞–Ω–µ –†–æ—Å—Å–∏—è[0m
# GET /areas
ok 1 - [32m200[0m / 1 of 2 [36mcurl -X GET -k --connect-timeout 20 -m 20 -L -D - 'https://api.hh.ru/areas'[0m
# –û—Ç–≤–µ—Ç —Å–æ–¥–µ—Ä–∂–∏—Ç –∑–Ω–∞—á–µ–Ω–∏–µ: —Å—Ç—Ä–∞–Ω–∞.id = 113
ok 2 - text has '200 OK'
ok 3 - text has 'valid json'
ok 4 - text match /—Å—Ç—Ä–∞–Ω–∞\[name=–†–æ—Å—Å–∏—è\].id=(\d+)/
# GET /employers
ok 5 - [32m200[0m / 1 of 2 [36mcurl -X GET -k --connect-timeout 20 -m 20  -G --data-urlencode 'text=–ù–æ–≤—ã–µ –û–±–ª–∞—á–Ω—ã–µ –¢–µ—Ö–Ω–æ–ª–æ–≥–∏–∏' --data-urlencode 'area=113'  -L -D - 'https://api.hh.ru/employers'[0m
# –û—Ç–≤–µ—Ç —Å–æ–¥–µ—Ä–∂–∏—Ç –∑–Ω–∞—á–µ–Ω–∏—è: @val = [
#     [0] "–ù–æ–≤—ã–µ –û–±–ª–∞—á–Ω—ã–µ –¢–µ—Ö–Ω–æ–ª–æ–≥–∏–∏"
# ]
ok 6 - text has '200 OK'
ok 7 - text has 'valid json'
ok 8 - text has 'items.name=–ù–æ–≤—ã–µ –û–±–ª–∞—á–Ω—ã–µ –¢–µ—Ö–Ω–æ–ª–æ–≥–∏–∏'
1..8
ok
/home/ivanych/.swat/.cache/26262/prove/_tc/vacancies/qa_nct_spb/META/request.t .. 
# @META
# [33m	 –ü–æ–∏—Å–∫ –≤–∞–∫–∞–Ω—Å–∏–∏ "QA Automation Engineer", —É —Ä–∞–±–æ—Ç–æ–¥–∞—Ç–µ–ª—è "–ù–æ–≤—ã–µ –û–±–ª–∞—á–Ω—ã–µ —Ç–µ—Ö–Ω–æ–ª–æ–≥–∏–∏" –≤ —Ä–µ–≥–∏–æ–Ω–µ "–°–∞–Ω–∫—Ç-–ü–µ—Ç–µ—Ä–±—É—Ä–≥"[0m
# [33m	 [0m
# [33m	 –ü—Ä–µ–¥–∑–∞–ø—Ä–æ—Å—ã:[0m
# [33m	 - –ù–∞–π—Ç–∏ –∏–¥–µ–Ω—Ç–∏—Ñ–∏–∫–∞—Ç–æ—Ä —Ä–µ–≥–∏–æ–Ω–∞ "–°–∞–Ω–∫—Ç-–ü–µ—Ç–µ—Ä–±—É—Ä–≥" –∏ —Å—Ç—Ä–∞–Ω—ã "–†–æ—Å—Å–∏—è" –≤ —Å–ø—Ä–∞–≤–æ—á–Ω–∏–∫–µ —Ä–µ–≥–∏–æ–Ω–æ–≤[0m
# [33m	 - –ù–∞–π—Ç–∏ –∏–¥–µ–Ω—Ç–∏—Ñ–∏–∫–∞—Ç–æ—Ä —Ä–∞–±–æ—Ç–æ–¥–∞—Ç–µ–ª—è "–ù–æ–≤—ã–µ –û–±–ª–∞—á–Ω—ã–µ —Ç–µ—Ö–Ω–æ–ª–æ–≥–∏–∏" –≤ —Å—Ç—Ä–∞–Ω–µ "–†–æ—Å—Å–∏—è"[0m
# [33m	 [0m
# [33m	 –ü—Ä–æ–≤–µ—Ä–∫–∏:[0m
# [33m	 - –í—ã–∑–æ–≤ get /vacancies –≤–æ–∑–≤—Ä–∞—â–∞–µ—Ç "200 OK"[0m
# [33m	 - –í —Ç–µ–ª–µ –æ—Ç–≤–µ—Ç–∞ –≤–æ–∑–≤—Ä–∞—â–∞–µ—Ç—Å—è –≤–∞–ª–∏–¥–Ω—ã–π JSON[0m
# [33m	 - –ü–æ–∏—Å–∫ –Ω–∞—Ö–æ–¥–∏—Ç –≤–∞–∫–∞–Ω—Å–∏—é "QA Automation Engineer", —É —Ä–∞–±–æ—Ç–æ–¥–∞—Ç–µ–ª—è –ù–æ–≤—ã–µ –û–±–ª–∞—á–Ω—ã–µ —Ç–µ—Ö–Ω–æ–ª–æ–≥–∏–∏ –≤ –°–∞–Ω–∫—Ç-–ü–µ—Ç–µ—Ä–±—É—Ä–≥–µ[0m
# GET /areas
ok 1 - [32m200[0m / 1 of 2 [36mcurl -X GET -k --connect-timeout 20 -m 20 -L -D - 'https://api.hh.ru/areas'[0m
# –û—Ç–≤–µ—Ç —Å–æ–¥–µ—Ä–∂–∏—Ç –∑–Ω–∞—á–µ–Ω–∏–µ: —Å—Ç—Ä–∞–Ω–∞.areas.id = 2
# –û—Ç–≤–µ—Ç —Å–æ–¥–µ—Ä–∂–∏—Ç –∑–Ω–∞—á–µ–Ω–∏–µ: —Å—Ç—Ä–∞–Ω–∞.areas.parent_id = 113
ok 2 - text has '200 OK'
ok 3 - text has 'valid json'
ok 4 - text match /—Å—Ç—Ä–∞–Ω–∞\[name=–†–æ—Å—Å–∏—è\].areas\[name=–°–∞–Ω–∫—Ç-–ü–µ—Ç–µ—Ä–±—É—Ä–≥\].id=(\d+)/
ok 5 - text match /—Å—Ç—Ä–∞–Ω–∞\[name=–†–æ—Å—Å–∏—è\].areas\[name=–°–∞–Ω–∫—Ç-–ü–µ—Ç–µ—Ä–±—É—Ä–≥\].parent_id=(\d+)/
# GET /employers
ok 6 - [32m200[0m / 1 of 2 [36mcurl -X GET -k --connect-timeout 20 -m 20  -G --data-urlencode 'text=–ù–æ–≤—ã–µ –û–±–ª–∞—á–Ω—ã–µ –¢–µ—Ö–Ω–æ–ª–æ–≥–∏–∏' --data-urlencode 'area=113'  -L -D - 'https://api.hh.ru/employers'[0m
# –û—Ç–≤–µ—Ç —Å–æ–¥–µ—Ä–∂–∏—Ç –∑–Ω–∞—á–µ–Ω–∏—è: items.id = 213397
ok 7 - text has '200 OK'
ok 8 - text has 'valid json'
ok 9 - text match /items\.id=(\d+)/
# GET /vacancies
ok 10 - [32m200[0m / 1 of 2 [36mcurl -X GET -k --connect-timeout 20 -m 20  -G --data-urlencode 'text=QA Automation Engineer' --data-urlencode 'area=2' --data-urlencode 'employer_id=213397'  -L -D - 'https://api.hh.ru/vacancies'[0m
# –û—Ç–≤–µ—Ç —Å–æ–¥–µ—Ä–∂–∏—Ç –∑–Ω–∞—á–µ–Ω–∏—è: @val = [
#     [0] "Senior QA Automation Engineer",
#     [1] "QA Automation Engineer (Server)"
# ]
ok 11 - text has '200 OK'
ok 12 - text has 'valid json'
ok 13 - text match /items\.name=.*?QA Automation Engineer/
1..13
ok
All tests successful.
Files=3, Tests=26,  2 wallclock secs ( 0.02 usr  0.00 sys +  0.57 cusr  0.09 csys =  0.68 CPU)
Result: PASS
